TN:
SF:src/constants/common.ts
FN:3,getTextSelector
FN:7,fetchSource
FN:32,getCheckBoxSelector
FNF:3
FNH:2
FNDA:6,getTextSelector
FNDA:0,fetchSource
FNDA:9,getCheckBoxSelector
DA:1,2
DA:3,2
DA:4,6
DA:7,2
DA:8,0
DA:9,0
DA:10,0
DA:11,0
DA:14,2
DA:22,2
DA:32,2
DA:33,9
DA:36,2
DA:41,2
LF:14
LH:10
BRF:0
BRH:0
end_of_record
TN:
SF:src/constants/index.ts
FNF:0
FNH:0
DA:1,2
DA:2,2
DA:3,2
DA:4,2
LF:4
LH:4
BRF:0
BRH:0
end_of_record
TN:
SF:src/constants/mainScreen.locators.screen.ts
FNF:0
FNH:0
DA:1,2
LF:1
LH:1
BRF:0
BRH:0
end_of_record
TN:
SF:src/constants/settingsScreen.locators.screen.ts
FNF:0
FNH:0
DA:1,2
LF:1
LH:1
BRF:0
BRH:0
end_of_record
TN:
SF:src/constants/taskScreen.locataros.ts
FNF:0
FNH:0
DA:1,2
LF:1
LH:1
BRF:0
BRH:0
end_of_record
TN:
SF:src/screens/main.screen.ts
FN:33,(anonymous_0)
FN:86,(anonymous_1)
FN:130,(anonymous_2)
FN:153,(anonymous_3)
FNF:4
FNH:4
FNDA:4,(anonymous_0)
FNDA:3,(anonymous_1)
FNDA:3,(anonymous_2)
FNDA:3,(anonymous_3)
DA:1,1
DA:2,1
DA:8,1
DA:9,1
DA:11,1
DA:34,4
DA:35,4
DA:36,4
DA:37,4
DA:38,4
DA:39,1
DA:40,1
DA:41,1
DA:44,4
DA:45,4
DA:51,4
DA:52,1
DA:54,4
DA:55,4
DA:57,4
DA:58,4
DA:60,4
DA:61,4
DA:63,0
DA:87,3
DA:88,3
DA:91,3
DA:93,1
DA:94,1
DA:96,1
DA:97,1
DA:99,1
DA:100,1
DA:103,3
DA:104,3
DA:106,0
DA:134,3
DA:135,3
DA:136,1
DA:139,3
DA:140,3
DA:142,3
DA:143,3
DA:145,3
DA:149,0
DA:154,3
DA:155,3
DA:156,3
DA:158,3
DA:159,2
DA:160,2
DA:161,2
DA:163,1
DA:164,1
DA:167,0
LF:55
LH:51
BRDA:38,0,0,1
BRDA:38,0,1,3
BRDA:38,1,0,4
BRDA:38,1,1,3
BRDA:51,2,0,1
BRDA:51,2,1,3
BRDA:91,3,0,1
BRDA:91,3,1,1
BRDA:91,3,2,1
BRDA:135,4,0,1
BRDA:135,4,1,2
BRDA:146,5,0,2
BRDA:146,5,1,1
BRDA:158,6,0,2
BRDA:158,6,1,1
BRF:15
BRH:15
end_of_record
TN:
SF:src/screens/task.screen.ts
FN:30,(anonymous_0)
FN:48,(anonymous_1)
FN:73,(anonymous_2)
FN:93,(anonymous_3)
FN:117,(anonymous_4)
FN:127,(anonymous_5)
FNF:6
FNH:6
FNDA:2,(anonymous_0)
FNDA:3,(anonymous_1)
FNDA:3,(anonymous_2)
FNDA:9,(anonymous_3)
FNDA:9,(anonymous_4)
FNDA:2,(anonymous_5)
DA:1,1
DA:2,1
DA:9,1
DA:10,1
DA:12,1
DA:31,2
DA:32,2
DA:33,2
DA:34,2
DA:35,2
DA:36,2
DA:37,1
DA:38,1
DA:39,1
DA:44,0
DA:49,3
DA:50,3
DA:51,3
DA:53,3
DA:54,3
DA:55,1
DA:56,1
DA:57,1
DA:60,3
DA:61,2
DA:63,2
DA:65,2
DA:66,2
DA:67,2
DA:69,1
DA:74,3
DA:75,3
DA:76,1
DA:77,1
DA:79,2
DA:94,9
DA:95,9
DA:97,9
DA:98,7
DA:99,7
DA:100,7
DA:105,9
DA:106,7
DA:107,7
DA:108,7
DA:113,0
DA:118,9
DA:119,9
DA:120,6
DA:121,4
DA:123,5
DA:128,2
DA:129,2
DA:130,1
DA:132,1
LF:55
LH:53
BRDA:36,0,0,1
BRDA:36,0,1,1
BRDA:54,1,0,1
BRDA:54,1,1,2
BRDA:54,2,0,3
BRDA:54,2,1,2
BRDA:97,3,0,7
BRDA:97,3,1,2
BRDA:105,4,0,7
BRDA:105,4,1,2
BRF:10
BRH:10
end_of_record
TN:
SF:src/types/index.ts
FNF:0
FNH:0
DA:1,2
DA:2,2
LF:2
LH:2
BRF:0
BRH:0
end_of_record
TN:
SF:src/types/task.ts
FNF:0
FNH:0
DA:14,2
LF:1
LH:1
BRF:0
BRH:0
end_of_record
TN:
SF:src/types/types.ts
FNF:0
FNH:0
DA:2,2
LF:1
LH:1
BRF:0
BRH:0
end_of_record
